<?xml version="1.0" encoding="UTF-8"?>
<!-- Generated by org.testng.reporters.JUnitXMLReporter -->
<testsuite hostname="dell" name="Test" tests="17" failures="1" timestamp="3 Mar 2021 06:26:40 GMT" time="401.601" errors="0">
  <testcase name="@BeforeClass setup" time="0.0" classname="TestngPack.viewIssue">
    <failure type="org.openqa.selenium.WebDriverException" message="unknown error: cannot determine loading status
from unknown error: cannot determine loading status
from disconnected: received Inspector.detached event
  (Session info: chrome=88.0.4324.190)
Build info: version: &amp;apos;3.141.59&amp;apos;, revision: &amp;apos;e82be7d358&amp;apos;, time: &amp;apos;2018-11-14T08:25:53&amp;apos;
System info: host: &amp;apos;DELL&amp;apos;, ip: &amp;apos;192.168.43.147&amp;apos;, os.name: &amp;apos;Windows 8&amp;apos;, os.arch: &amp;apos;amd64&amp;apos;, os.version: &amp;apos;6.2&amp;apos;, java.version: &amp;apos;1.8.0_271&amp;apos;
Driver info: org.openqa.selenium.chrome.ChromeDriver
Capabilities {acceptInsecureCerts: false, browserName: chrome, browserVersion: 88.0.4324.190, chrome: {chromedriverVersion: 88.0.4324.96 (68dba2d8a0b14..., userDataDir: C:\Users\maya\AppData\Local...}, goog:chromeOptions: {debuggerAddress: localhost:65025}, javascriptEnabled: true, networkConnectionEnabled: false, pageLoadStrategy: normal, platform: WINDOWS, platformName: WINDOWS, proxy: Proxy(), setWindowRect: true, strictFileInteractability: false, timeouts: {implicit: 0, pageLoad: 300000, script: 30000}, unhandledPromptBehavior: dismiss and notify, webauthn:extension:largeBlob: true, webauthn:virtualAuthenticators: true}
Session ID: 7a92656de079e6242adcd62f5804313e">
      <![CDATA[org.openqa.selenium.WebDriverException: unknown error: cannot determine loading status
from unknown error: cannot determine loading status
from disconnected: received Inspector.detached event
  (Session info: chrome=88.0.4324.190)
Build info: version: '3.141.59', revision: 'e82be7d358', time: '2018-11-14T08:25:53'
System info: host: 'DELL', ip: '192.168.43.147', os.name: 'Windows 8', os.arch: 'amd64', os.version: '6.2', java.version: '1.8.0_271'
Driver info: org.openqa.selenium.chrome.ChromeDriver
Capabilities {acceptInsecureCerts: false, browserName: chrome, browserVersion: 88.0.4324.190, chrome: {chromedriverVersion: 88.0.4324.96 (68dba2d8a0b14..., userDataDir: C:\Users\maya\AppData\Local...}, goog:chromeOptions: {debuggerAddress: localhost:65025}, javascriptEnabled: true, networkConnectionEnabled: false, pageLoadStrategy: normal, platform: WINDOWS, platformName: WINDOWS, proxy: Proxy(), setWindowRect: true, strictFileInteractability: false, timeouts: {implicit: 0, pageLoad: 300000, script: 30000}, unhandledPromptBehavior: dismiss and notify, webauthn:extension:largeBlob: true, webauthn:virtualAuthenticators: true}
Session ID: 7a92656de079e6242adcd62f5804313e
	at org.openqa.selenium.remote.http.W3CHttpResponseCodec.createException(W3CHttpResponseCodec.java:187)
	at org.openqa.selenium.remote.http.W3CHttpResponseCodec.decode(W3CHttpResponseCodec.java:122)
	at org.openqa.selenium.remote.http.W3CHttpResponseCodec.decode(W3CHttpResponseCodec.java:49)
	at org.openqa.selenium.remote.HttpCommandExecutor.execute(HttpCommandExecutor.java:158)
	at org.openqa.selenium.remote.service.DriverCommandExecutor.execute(DriverCommandExecutor.java:83)
	at org.openqa.selenium.remote.RemoteWebDriver.execute(RemoteWebDriver.java:552)
	at org.openqa.selenium.remote.RemoteWebDriver.get(RemoteWebDriver.java:277)
	at TestngPack.BaseClass.setup(BaseClass.java:38)
... Removed 29 stack frames]]>
    </failure>
  </testcase> <!-- @BeforeClass setup -->
  <testcase name="@AfterClass closeBrowser" time="0.0" classname="TestngPack.CreateIssue">
    <skipped/>
  </testcase> <!-- @AfterClass closeBrowser -->
  <testcase name="@AfterClass closeBrowser" time="0.0" classname="TestngPack.validWorkflow">
    <skipped/>
  </testcase> <!-- @AfterClass closeBrowser -->
  <testcase name="@AfterClass closeBrowser" time="0.0" classname="TestngPack.InvalidWorkflow">
    <skipped/>
  </testcase> <!-- @AfterClass closeBrowser -->
  <testcase name="@AfterClass closeBrowser" time="0.0" classname="TestngPack.LinkAssociate">
    <skipped/>
  </testcase> <!-- @AfterClass closeBrowser -->
  <testcase name="@AfterClass closeBrowser" time="0.0" classname="TestngPack.Modifyanissue">
    <skipped/>
  </testcase> <!-- @AfterClass closeBrowser -->
  <testcase name="@AfterClass closeBrowser" time="0.0" classname="TestngPack.viewIssue">
    <skipped/>
  </testcase> <!-- @AfterClass closeBrowser -->
  <testcase name="LocateProject" time="80.852" classname="TestngPack.CreateIssue"/>
  <testcase name="LocateProject" time="78.631" classname="TestngPack.LinkAssociate"/>
  <testcase name="LocateProject" time="78.902" classname="TestngPack.Modifyanissue"/>
  <testcase name="LocateMenuIssue" time="4.381" classname="TestngPack.CreateIssue"/>
  <testcase name="ViewIssues" time="108.519" classname="TestngPack.validWorkflow"/>
  <testcase name="ViewIssues" time="14.108" classname="TestngPack.InvalidWorkflow">
    <failure type="org.openqa.selenium.NoSuchElementException" message="Cannot locate an element using xpath=//*[@id=&amp;quot;navbar&amp;quot;]/div[3]/div[1]/span
For documentation on this error, please visit: https://www.seleniumhq.org/exceptions/no_such_element.html
Build info: version: &amp;apos;3.141.59&amp;apos;, revision: &amp;apos;e82be7d358&amp;apos;, time: &amp;apos;2018-11-14T08:25:53&amp;apos;
System info: host: &amp;apos;DELL&amp;apos;, ip: &amp;apos;192.168.43.147&amp;apos;, os.name: &amp;apos;Windows 8&amp;apos;, os.arch: &amp;apos;amd64&amp;apos;, os.version: &amp;apos;6.2&amp;apos;, java.version: &amp;apos;1.8.0_271&amp;apos;
Driver info: driver.version: RemoteWebDriver">
      <![CDATA[org.openqa.selenium.NoSuchElementException: Cannot locate an element using xpath=//*[@id="navbar"]/div[3]/div[1]/span
For documentation on this error, please visit: https://www.seleniumhq.org/exceptions/no_such_element.html
Build info: version: '3.141.59', revision: 'e82be7d358', time: '2018-11-14T08:25:53'
System info: host: 'DELL', ip: '192.168.43.147', os.name: 'Windows 8', os.arch: 'amd64', os.version: '6.2', java.version: '1.8.0_271'
Driver info: driver.version: RemoteWebDriver
	at org.openqa.selenium.remote.RemoteWebDriver.findElement(RemoteWebDriver.java:327)
	at org.openqa.selenium.remote.RemoteWebDriver.findElementByXPath(RemoteWebDriver.java:428)
	at org.openqa.selenium.By$ByXPath.findElement(By.java:353)
	at org.openqa.selenium.remote.RemoteWebDriver.findElement(RemoteWebDriver.java:315)
	at TestngPack.InvalidWorkflow.ViewIssues(InvalidWorkflow.java:26)
... Removed 25 stack frames]]>
    </failure>
  </testcase> <!-- ViewIssues -->
  <testcase name="ViewIssues" time="0.001" classname="TestngPack.viewIssue">
    <skipped/>
  </testcase> <!-- ViewIssues -->
  <testcase name="LocateMenuIssue" time="0.002" classname="TestngPack.LinkAssociate">
    <skipped/>
  </testcase> <!-- LocateMenuIssue -->
  <testcase name="LocateMenuIssue" time="0.001" classname="TestngPack.Modifyanissue">
    <skipped/>
  </testcase> <!-- LocateMenuIssue -->
  <testcase name="LocateIssue" time="0.001" classname="TestngPack.CreateIssue">
    <skipped/>
  </testcase> <!-- LocateIssue -->
  <testcase name="workflow" time="0.001" classname="TestngPack.validWorkflow">
    <skipped/>
  </testcase> <!-- workflow -->
  <testcase name="invalidWorkflow" time="0.001" classname="TestngPack.InvalidWorkflow">
    <skipped/>
  </testcase> <!-- invalidWorkflow -->
  <testcase name="Header" time="0.001" classname="TestngPack.viewIssue">
    <skipped/>
  </testcase> <!-- Header -->
  <testcase name="LinkedCards" time="0.001" classname="TestngPack.LinkAssociate">
    <skipped/>
  </testcase> <!-- LinkedCards -->
  <testcase name="modify" time="0.001" classname="TestngPack.Modifyanissue">
    <skipped/>
  </testcase> <!-- modify -->
  <testcase name="sortIssue" time="0.001" classname="TestngPack.viewIssue">
    <skipped/>
  </testcase> <!-- sortIssue -->
  <testcase name="Inissue" time="0.001" classname="TestngPack.viewIssue">
    <skipped/>
  </testcase> <!-- Inissue -->
</testsuite> <!-- Test -->
