<?xml version="1.0" encoding="UTF-8"?>
<testng-results skipped="11" failed="1" total="17" passed="5">
  <reporter-output>
  </reporter-output>
  <suite name="Suite" duration-ms="401601" started-at="2021-03-03T06:19:58Z" finished-at="2021-03-03T06:26:40Z">
    <groups>
    </groups>
    <test name="Test" duration-ms="401601" started-at="2021-03-03T06:19:58Z" finished-at="2021-03-03T06:26:40Z">
      <class name="TestngPack.InvalidWorkflow">
        <test-method status="PASS" signature="setup(java.lang.String)[pri:0, instance:TestngPack.InvalidWorkflow@d8355a8]" name="setup" is-config="true" duration-ms="6614" started-at="2021-03-03T11:56:14Z" finished-at="2021-03-03T11:56:21Z">
          <params>
            <param index="0">
              <value>
                <![CDATA[chrome]]>
              </value>
            </param>
          </params>
          <reporter-output>
          </reporter-output>
        </test-method> <!-- setup -->
        <test-method status="FAIL" signature="ViewIssues()[pri:1, instance:TestngPack.InvalidWorkflow@d8355a8]" name="ViewIssues" duration-ms="14108" started-at="2021-03-03T11:56:21Z" finished-at="2021-03-03T11:56:35Z">
          <exception class="org.openqa.selenium.NoSuchElementException">
            <message>
              <![CDATA[Cannot locate an element using xpath=//*[@id="navbar"]/div[3]/div[1]/span
For documentation on this error, please visit: https://www.seleniumhq.org/exceptions/no_such_element.html
Build info: version: '3.141.59', revision: 'e82be7d358', time: '2018-11-14T08:25:53'
System info: host: 'DELL', ip: '192.168.43.147', os.name: 'Windows 8', os.arch: 'amd64', os.version: '6.2', java.version: '1.8.0_271'
Driver info: driver.version: RemoteWebDriver]]>
            </message>
            <full-stacktrace>
              <![CDATA[org.openqa.selenium.NoSuchElementException: Cannot locate an element using xpath=//*[@id="navbar"]/div[3]/div[1]/span
For documentation on this error, please visit: https://www.seleniumhq.org/exceptions/no_such_element.html
Build info: version: '3.141.59', revision: 'e82be7d358', time: '2018-11-14T08:25:53'
System info: host: 'DELL', ip: '192.168.43.147', os.name: 'Windows 8', os.arch: 'amd64', os.version: '6.2', java.version: '1.8.0_271'
Driver info: driver.version: RemoteWebDriver
	at org.openqa.selenium.remote.RemoteWebDriver.findElement(RemoteWebDriver.java:327)
	at org.openqa.selenium.remote.RemoteWebDriver.findElementByXPath(RemoteWebDriver.java:428)
	at org.openqa.selenium.By$ByXPath.findElement(By.java:353)
	at org.openqa.selenium.remote.RemoteWebDriver.findElement(RemoteWebDriver.java:315)
	at TestngPack.InvalidWorkflow.ViewIssues(InvalidWorkflow.java:26)
	at sun.reflect.NativeMethodAccessorImpl.invoke0(Native Method)
	at sun.reflect.NativeMethodAccessorImpl.invoke(Unknown Source)
	at sun.reflect.DelegatingMethodAccessorImpl.invoke(Unknown Source)
	at java.lang.reflect.Method.invoke(Unknown Source)
	at org.testng.internal.MethodInvocationHelper.invokeMethod(MethodInvocationHelper.java:100)
	at org.testng.internal.Invoker.invokeMethod(Invoker.java:646)
	at org.testng.internal.Invoker.invokeTestMethod(Invoker.java:811)
	at org.testng.internal.Invoker.invokeTestMethods(Invoker.java:1137)
	at org.testng.internal.TestMethodWorker.invokeTestMethods(TestMethodWorker.java:129)
	at org.testng.internal.TestMethodWorker.run(TestMethodWorker.java:112)
	at org.testng.TestRunner.privateRun(TestRunner.java:753)
	at org.testng.TestRunner.run(TestRunner.java:607)
	at org.testng.SuiteRunner.runTest(SuiteRunner.java:368)
	at org.testng.SuiteRunner.runSequentially(SuiteRunner.java:363)
	at org.testng.SuiteRunner.privateRun(SuiteRunner.java:321)
	at org.testng.SuiteRunner.run(SuiteRunner.java:270)
	at org.testng.SuiteRunnerWorker.runSuite(SuiteRunnerWorker.java:52)
	at org.testng.SuiteRunnerWorker.run(SuiteRunnerWorker.java:86)
	at org.testng.TestNG.runSuitesSequentially(TestNG.java:1284)
	at org.testng.TestNG.runSuitesLocally(TestNG.java:1209)
	at org.testng.TestNG.runSuites(TestNG.java:1124)
	at org.testng.TestNG.run(TestNG.java:1096)
	at org.testng.remote.AbstractRemoteTestNG.run(AbstractRemoteTestNG.java:132)
	at org.testng.remote.RemoteTestNG.initAndRun(RemoteTestNG.java:236)
	at org.testng.remote.RemoteTestNG.main(RemoteTestNG.java:81)
]]>
            </full-stacktrace>
          </exception> <!-- org.openqa.selenium.NoSuchElementException -->
          <reporter-output>
          </reporter-output>
        </test-method> <!-- ViewIssues -->
        <test-method status="SKIP" signature="invalidWorkflow()[pri:2, instance:TestngPack.InvalidWorkflow@d8355a8]" name="invalidWorkflow" duration-ms="1" started-at="2021-03-03T11:56:40Z" finished-at="2021-03-03T11:56:40Z">
          <reporter-output>
          </reporter-output>
        </test-method> <!-- invalidWorkflow -->
        <test-method status="SKIP" signature="closeBrowser()[pri:0, instance:TestngPack.InvalidWorkflow@d8355a8]" name="closeBrowser" is-config="true" duration-ms="0" started-at="2021-03-03T11:56:40Z" finished-at="2021-03-03T11:56:40Z">
          <reporter-output>
          </reporter-output>
        </test-method> <!-- closeBrowser -->
      </class> <!-- TestngPack.InvalidWorkflow -->
      <class name="TestngPack.Modifyanissue">
        <test-method status="PASS" signature="setup(java.lang.String)[pri:0, instance:TestngPack.Modifyanissue@28d25987]" name="setup" is-config="true" duration-ms="3350" started-at="2021-03-03T11:52:54Z" finished-at="2021-03-03T11:52:57Z">
          <params>
            <param index="0">
              <value>
                <![CDATA[chrome]]>
              </value>
            </param>
          </params>
          <reporter-output>
          </reporter-output>
        </test-method> <!-- setup -->
        <test-method status="PASS" signature="LocateProject()[pri:0, instance:TestngPack.Modifyanissue@28d25987]" name="LocateProject" duration-ms="78902" started-at="2021-03-03T11:52:57Z" finished-at="2021-03-03T11:54:16Z">
          <reporter-output>
          </reporter-output>
        </test-method> <!-- LocateProject -->
        <test-method status="SKIP" signature="LocateMenuIssue()[pri:1, instance:TestngPack.Modifyanissue@28d25987]" name="LocateMenuIssue" duration-ms="1" started-at="2021-03-03T11:56:40Z" finished-at="2021-03-03T11:56:40Z">
          <reporter-output>
          </reporter-output>
        </test-method> <!-- LocateMenuIssue -->
        <test-method status="SKIP" signature="modify()[pri:2, instance:TestngPack.Modifyanissue@28d25987]" name="modify" duration-ms="1" started-at="2021-03-03T11:56:40Z" finished-at="2021-03-03T11:56:40Z">
          <reporter-output>
          </reporter-output>
        </test-method> <!-- modify -->
        <test-method status="SKIP" signature="closeBrowser()[pri:0, instance:TestngPack.Modifyanissue@28d25987]" name="closeBrowser" is-config="true" duration-ms="0" started-at="2021-03-03T11:56:40Z" finished-at="2021-03-03T11:56:40Z">
          <reporter-output>
          </reporter-output>
        </test-method> <!-- closeBrowser -->
      </class> <!-- TestngPack.Modifyanissue -->
      <class name="TestngPack.validWorkflow">
        <test-method status="PASS" signature="setup(java.lang.String)[pri:0, instance:TestngPack.validWorkflow@4501b7af]" name="setup" is-config="true" duration-ms="5526" started-at="2021-03-03T11:54:20Z" finished-at="2021-03-03T11:54:26Z">
          <params>
            <param index="0">
              <value>
                <![CDATA[chrome]]>
              </value>
            </param>
          </params>
          <reporter-output>
          </reporter-output>
        </test-method> <!-- setup -->
        <test-method status="PASS" signature="ViewIssues()[pri:1, instance:TestngPack.validWorkflow@4501b7af]" name="ViewIssues" duration-ms="108519" started-at="2021-03-03T11:54:26Z" finished-at="2021-03-03T11:56:14Z">
          <reporter-output>
          </reporter-output>
        </test-method> <!-- ViewIssues -->
        <test-method status="SKIP" signature="workflow()[pri:2, instance:TestngPack.validWorkflow@4501b7af]" name="workflow" duration-ms="1" started-at="2021-03-03T11:56:40Z" finished-at="2021-03-03T11:56:40Z">
          <reporter-output>
          </reporter-output>
        </test-method> <!-- workflow -->
        <test-method status="SKIP" signature="closeBrowser()[pri:0, instance:TestngPack.validWorkflow@4501b7af]" name="closeBrowser" is-config="true" duration-ms="0" started-at="2021-03-03T11:56:40Z" finished-at="2021-03-03T11:56:40Z">
          <reporter-output>
          </reporter-output>
        </test-method> <!-- closeBrowser -->
      </class> <!-- TestngPack.validWorkflow -->
      <class name="TestngPack.viewIssue">
        <test-method status="FAIL" signature="setup(java.lang.String)[pri:0, instance:TestngPack.viewIssue@523884b2]" name="setup" is-config="true" duration-ms="0" started-at="2021-03-03T11:56:35Z" finished-at="2021-03-03T11:56:35Z">
          <params>
            <param index="0">
              <value>
                <![CDATA[chrome]]>
              </value>
            </param>
          </params>
          <exception class="org.openqa.selenium.WebDriverException">
            <message>
              <![CDATA[unknown error: cannot determine loading status
from unknown error: cannot determine loading status
from disconnected: received Inspector.detached event
  (Session info: chrome=88.0.4324.190)
Build info: version: '3.141.59', revision: 'e82be7d358', time: '2018-11-14T08:25:53'
System info: host: 'DELL', ip: '192.168.43.147', os.name: 'Windows 8', os.arch: 'amd64', os.version: '6.2', java.version: '1.8.0_271'
Driver info: org.openqa.selenium.chrome.ChromeDriver
Capabilities {acceptInsecureCerts: false, browserName: chrome, browserVersion: 88.0.4324.190, chrome: {chromedriverVersion: 88.0.4324.96 (68dba2d8a0b14..., userDataDir: C:\Users\maya\AppData\Local...}, goog:chromeOptions: {debuggerAddress: localhost:65025}, javascriptEnabled: true, networkConnectionEnabled: false, pageLoadStrategy: normal, platform: WINDOWS, platformName: WINDOWS, proxy: Proxy(), setWindowRect: true, strictFileInteractability: false, timeouts: {implicit: 0, pageLoad: 300000, script: 30000}, unhandledPromptBehavior: dismiss and notify, webauthn:extension:largeBlob: true, webauthn:virtualAuthenticators: true}
Session ID: 7a92656de079e6242adcd62f5804313e]]>
            </message>
            <full-stacktrace>
              <![CDATA[org.openqa.selenium.WebDriverException: unknown error: cannot determine loading status
from unknown error: cannot determine loading status
from disconnected: received Inspector.detached event
  (Session info: chrome=88.0.4324.190)
Build info: version: '3.141.59', revision: 'e82be7d358', time: '2018-11-14T08:25:53'
System info: host: 'DELL', ip: '192.168.43.147', os.name: 'Windows 8', os.arch: 'amd64', os.version: '6.2', java.version: '1.8.0_271'
Driver info: org.openqa.selenium.chrome.ChromeDriver
Capabilities {acceptInsecureCerts: false, browserName: chrome, browserVersion: 88.0.4324.190, chrome: {chromedriverVersion: 88.0.4324.96 (68dba2d8a0b14..., userDataDir: C:\Users\maya\AppData\Local...}, goog:chromeOptions: {debuggerAddress: localhost:65025}, javascriptEnabled: true, networkConnectionEnabled: false, pageLoadStrategy: normal, platform: WINDOWS, platformName: WINDOWS, proxy: Proxy(), setWindowRect: true, strictFileInteractability: false, timeouts: {implicit: 0, pageLoad: 300000, script: 30000}, unhandledPromptBehavior: dismiss and notify, webauthn:extension:largeBlob: true, webauthn:virtualAuthenticators: true}
Session ID: 7a92656de079e6242adcd62f5804313e
	at sun.reflect.NativeConstructorAccessorImpl.newInstance0(Native Method)
	at sun.reflect.NativeConstructorAccessorImpl.newInstance(Unknown Source)
	at sun.reflect.DelegatingConstructorAccessorImpl.newInstance(Unknown Source)
	at java.lang.reflect.Constructor.newInstance(Unknown Source)
	at org.openqa.selenium.remote.http.W3CHttpResponseCodec.createException(W3CHttpResponseCodec.java:187)
	at org.openqa.selenium.remote.http.W3CHttpResponseCodec.decode(W3CHttpResponseCodec.java:122)
	at org.openqa.selenium.remote.http.W3CHttpResponseCodec.decode(W3CHttpResponseCodec.java:49)
	at org.openqa.selenium.remote.HttpCommandExecutor.execute(HttpCommandExecutor.java:158)
	at org.openqa.selenium.remote.service.DriverCommandExecutor.execute(DriverCommandExecutor.java:83)
	at org.openqa.selenium.remote.RemoteWebDriver.execute(RemoteWebDriver.java:552)
	at org.openqa.selenium.remote.RemoteWebDriver.get(RemoteWebDriver.java:277)
	at TestngPack.BaseClass.setup(BaseClass.java:38)
	at sun.reflect.NativeMethodAccessorImpl.invoke0(Native Method)
	at sun.reflect.NativeMethodAccessorImpl.invoke(Unknown Source)
	at sun.reflect.DelegatingMethodAccessorImpl.invoke(Unknown Source)
	at java.lang.reflect.Method.invoke(Unknown Source)
	at org.testng.internal.MethodInvocationHelper.invokeMethod(MethodInvocationHelper.java:100)
	at org.testng.internal.Invoker.invokeConfigurationMethod(Invoker.java:515)
	at org.testng.internal.Invoker.invokeConfigurations(Invoker.java:216)
	at org.testng.internal.Invoker.invokeConfigurations(Invoker.java:143)
	at org.testng.internal.TestMethodWorker.invokeBeforeClassMethods(TestMethodWorker.java:169)
	at org.testng.internal.TestMethodWorker.run(TestMethodWorker.java:108)
	at org.testng.TestRunner.privateRun(TestRunner.java:753)
	at org.testng.TestRunner.run(TestRunner.java:607)
	at org.testng.SuiteRunner.runTest(SuiteRunner.java:368)
	at org.testng.SuiteRunner.runSequentially(SuiteRunner.java:363)
	at org.testng.SuiteRunner.privateRun(SuiteRunner.java:321)
	at org.testng.SuiteRunner.run(SuiteRunner.java:270)
	at org.testng.SuiteRunnerWorker.runSuite(SuiteRunnerWorker.java:52)
	at org.testng.SuiteRunnerWorker.run(SuiteRunnerWorker.java:86)
	at org.testng.TestNG.runSuitesSequentially(TestNG.java:1284)
	at org.testng.TestNG.runSuitesLocally(TestNG.java:1209)
	at org.testng.TestNG.runSuites(TestNG.java:1124)
	at org.testng.TestNG.run(TestNG.java:1096)
	at org.testng.remote.AbstractRemoteTestNG.run(AbstractRemoteTestNG.java:132)
	at org.testng.remote.RemoteTestNG.initAndRun(RemoteTestNG.java:236)
	at org.testng.remote.RemoteTestNG.main(RemoteTestNG.java:81)
]]>
            </full-stacktrace>
          </exception> <!-- org.openqa.selenium.WebDriverException -->
          <reporter-output>
          </reporter-output>
        </test-method> <!-- setup -->
        <test-method status="SKIP" signature="ViewIssues()[pri:1, instance:TestngPack.viewIssue@523884b2]" name="ViewIssues" duration-ms="1" started-at="2021-03-03T11:56:40Z" finished-at="2021-03-03T11:56:40Z">
          <reporter-output>
          </reporter-output>
        </test-method> <!-- ViewIssues -->
        <test-method status="SKIP" signature="Header()[pri:2, instance:TestngPack.viewIssue@523884b2]" name="Header" duration-ms="1" started-at="2021-03-03T11:56:40Z" finished-at="2021-03-03T11:56:40Z">
          <reporter-output>
          </reporter-output>
        </test-method> <!-- Header -->
        <test-method status="SKIP" signature="sortIssue()[pri:3, instance:TestngPack.viewIssue@523884b2]" name="sortIssue" duration-ms="1" started-at="2021-03-03T11:56:40Z" finished-at="2021-03-03T11:56:40Z">
          <reporter-output>
          </reporter-output>
        </test-method> <!-- sortIssue -->
        <test-method status="SKIP" signature="Inissue()[pri:4, instance:TestngPack.viewIssue@523884b2]" name="Inissue" duration-ms="1" started-at="2021-03-03T11:56:40Z" finished-at="2021-03-03T11:56:40Z">
          <reporter-output>
          </reporter-output>
        </test-method> <!-- Inissue -->
        <test-method status="SKIP" signature="closeBrowser()[pri:0, instance:TestngPack.viewIssue@523884b2]" name="closeBrowser" is-config="true" duration-ms="0" started-at="2021-03-03T11:56:40Z" finished-at="2021-03-03T11:56:40Z">
          <reporter-output>
          </reporter-output>
        </test-method> <!-- closeBrowser -->
      </class> <!-- TestngPack.viewIssue -->
      <class name="TestngPack.LinkAssociate">
        <test-method status="PASS" signature="setup(java.lang.String)[pri:0, instance:TestngPack.LinkAssociate@59fa1d9b]" name="setup" is-config="true" duration-ms="6957" started-at="2021-03-03T11:51:28Z" finished-at="2021-03-03T11:51:35Z">
          <params>
            <param index="0">
              <value>
                <![CDATA[chrome]]>
              </value>
            </param>
          </params>
          <reporter-output>
          </reporter-output>
        </test-method> <!-- setup -->
        <test-method status="PASS" signature="LocateProject()[pri:0, instance:TestngPack.LinkAssociate@59fa1d9b]" name="LocateProject" duration-ms="78631" started-at="2021-03-03T11:51:35Z" finished-at="2021-03-03T11:52:54Z">
          <reporter-output>
          </reporter-output>
        </test-method> <!-- LocateProject -->
        <test-method status="SKIP" signature="LocateMenuIssue()[pri:1, instance:TestngPack.LinkAssociate@59fa1d9b]" name="LocateMenuIssue" duration-ms="2" started-at="2021-03-03T11:56:40Z" finished-at="2021-03-03T11:56:40Z">
          <reporter-output>
          </reporter-output>
        </test-method> <!-- LocateMenuIssue -->
        <test-method status="SKIP" signature="LinkedCards()[pri:2, instance:TestngPack.LinkAssociate@59fa1d9b]" name="LinkedCards" duration-ms="1" started-at="2021-03-03T11:56:40Z" finished-at="2021-03-03T11:56:40Z">
          <reporter-output>
          </reporter-output>
        </test-method> <!-- LinkedCards -->
        <test-method status="SKIP" signature="closeBrowser()[pri:0, instance:TestngPack.LinkAssociate@59fa1d9b]" name="closeBrowser" is-config="true" duration-ms="0" started-at="2021-03-03T11:56:40Z" finished-at="2021-03-03T11:56:40Z">
          <reporter-output>
          </reporter-output>
        </test-method> <!-- closeBrowser -->
      </class> <!-- TestngPack.LinkAssociate -->
      <class name="TestngPack.CreateIssue">
        <test-method status="PASS" signature="setup(java.lang.String)[pri:0, instance:TestngPack.CreateIssue@46d56d67]" name="setup" is-config="true" duration-ms="9015" started-at="2021-03-03T11:49:58Z" finished-at="2021-03-03T11:50:07Z">
          <params>
            <param index="0">
              <value>
                <![CDATA[chrome]]>
              </value>
            </param>
          </params>
          <reporter-output>
          </reporter-output>
        </test-method> <!-- setup -->
        <test-method status="PASS" signature="LocateProject()[pri:0, instance:TestngPack.CreateIssue@46d56d67]" name="LocateProject" duration-ms="80852" started-at="2021-03-03T11:50:07Z" finished-at="2021-03-03T11:51:28Z">
          <reporter-output>
          </reporter-output>
        </test-method> <!-- LocateProject -->
        <test-method status="PASS" signature="LocateMenuIssue()[pri:1, instance:TestngPack.CreateIssue@46d56d67]" name="LocateMenuIssue" duration-ms="4381" started-at="2021-03-03T11:54:16Z" finished-at="2021-03-03T11:54:20Z">
          <reporter-output>
          </reporter-output>
        </test-method> <!-- LocateMenuIssue -->
        <test-method status="SKIP" signature="LocateIssue()[pri:2, instance:TestngPack.CreateIssue@46d56d67]" name="LocateIssue" duration-ms="1" started-at="2021-03-03T11:56:40Z" finished-at="2021-03-03T11:56:40Z">
          <reporter-output>
          </reporter-output>
        </test-method> <!-- LocateIssue -->
        <test-method status="SKIP" signature="closeBrowser()[pri:0, instance:TestngPack.CreateIssue@46d56d67]" name="closeBrowser" is-config="true" duration-ms="0" started-at="2021-03-03T11:56:40Z" finished-at="2021-03-03T11:56:40Z">
          <reporter-output>
          </reporter-output>
        </test-method> <!-- closeBrowser -->
      </class> <!-- TestngPack.CreateIssue -->
    </test> <!-- Test -->
  </suite> <!-- Suite -->
</testng-results>
